This is pdfTeX, Version 3.141592653-2.6-1.40.22 (TeX Live 2021/W32TeX) (preloaded format=pdflatex 2021.9.26)  30 SEP 2021 14:58
entering extended mode
 restricted \write18 enabled.
 %&-line parsing enabled.
**Masterarbeit_AnPPT.tex
(./Masterarbeit_AnPPT.tex
LaTeX2e <2020-10-01> patch level 4
L3 programming layer <2021-02-18>
(c:/texlive/2021/texmf-dist/tex/latex/beamer/beamer.cls
Document Class: beamer 2021/03/19 v3.62 A class for typesetting presentations
(c:/texlive/2021/texmf-dist/tex/latex/beamer/beamerbasemodes.sty
(c:/texlive/2021/texmf-dist/tex/latex/etoolbox/etoolbox.sty
Package: etoolbox 2020/10/05 v2.5k e-TeX tools for LaTeX (JAW)
\etb@tempcnta=\count179
)
\beamer@tempbox=\box47
\beamer@tempcount=\count180
\c@beamerpauses=\count181

(c:/texlive/2021/texmf-dist/tex/latex/beamer/beamerbasedecode.sty
\beamer@slideinframe=\count182
\beamer@minimum=\count183
\beamer@decode@box=\box48
)
\beamer@commentbox=\box49
\beamer@modecount=\count184
)
(c:/texlive/2021/texmf-dist/tex/generic/iftex/ifpdf.sty
Package: ifpdf 2019/10/25 v3.4 ifpdf legacy package. Use iftex instead.

(c:/texlive/2021/texmf-dist/tex/generic/iftex/iftex.sty
Package: iftex 2020/03/06 v1.0d TeX engine tests
))
\headdp=\dimen138
\footheight=\dimen139
\sidebarheight=\dimen140
\beamer@tempdim=\dimen141
\beamer@finalheight=\dimen142
\beamer@animht=\dimen143
\beamer@animdp=\dimen144
\beamer@animwd=\dimen145
\beamer@leftmargin=\dimen146
\beamer@rightmargin=\dimen147
\beamer@leftsidebar=\dimen148
\beamer@rightsidebar=\dimen149
\beamer@boxsize=\dimen150
\beamer@vboxoffset=\dimen151
\beamer@descdefault=\dimen152
\beamer@descriptionwidth=\dimen153
\beamer@lastskip=\skip47
\beamer@areabox=\box50
\beamer@animcurrent=\box51
\beamer@animshowbox=\box52
\beamer@sectionbox=\box53
\beamer@logobox=\box54
\beamer@linebox=\box55
\beamer@sectioncount=\count185
\beamer@subsubsectionmax=\count186
\beamer@subsectionmax=\count187
\beamer@sectionmax=\count188
\beamer@totalheads=\count189
\beamer@headcounter=\count190
\beamer@partstartpage=\count191
\beamer@sectionstartpage=\count192
\beamer@subsectionstartpage=\count193
\beamer@animationtempa=\count194
\beamer@animationtempb=\count195
\beamer@xpos=\count196
\beamer@ypos=\count197
\beamer@ypos@offset=\count198
\beamer@showpartnumber=\count199
\beamer@currentsubsection=\count266
\beamer@coveringdepth=\count267
\beamer@sectionadjust=\count268
\beamer@tocsectionnumber=\count269

(c:/texlive/2021/texmf-dist/tex/latex/beamer/beamerbaseoptions.sty
(c:/texlive/2021/texmf-dist/tex/latex/graphics/keyval.sty
Package: keyval 2014/10/28 v1.15 key=value parser (DPC)
\KV@toks@=\toks15
))
\beamer@paperwidth=\skip48
\beamer@paperheight=\skip49

(c:/texlive/2021/texmf-dist/tex/latex/geometry/geometry.sty
Package: geometry 2020/01/02 v5.9 Page Geometry

(c:/texlive/2021/texmf-dist/tex/generic/iftex/ifvtex.sty
Package: ifvtex 2019/10/25 v1.7 ifvtex legacy package. Use iftex instead.
)
\Gm@cnth=\count270
\Gm@cntv=\count271
\c@Gm@tempcnt=\count272
\Gm@bindingoffset=\dimen154
\Gm@wd@mp=\dimen155
\Gm@odd@mp=\dimen156
\Gm@even@mp=\dimen157
\Gm@layoutwidth=\dimen158
\Gm@layoutheight=\dimen159
\Gm@layouthoffset=\dimen160
\Gm@layoutvoffset=\dimen161
\Gm@dimlist=\toks16
)

Class beamer Warning: ``serif'' option is obsolete. Use font theme ``serif'' in
stead on input line 336.

(c:/texlive/2021/texmf-dist/tex/latex/base/size11.clo
File: size11.clo 2020/04/10 v1.4m Standard LaTeX file (size option)
)
(c:/texlive/2021/texmf-dist/tex/latex/pgf/basiclayer/pgfcore.sty
(c:/texlive/2021/texmf-dist/tex/latex/graphics/graphicx.sty
Package: graphicx 2020/09/09 v1.2b Enhanced LaTeX Graphics (DPC,SPQR)

(c:/texlive/2021/texmf-dist/tex/latex/graphics/graphics.sty
Package: graphics 2020/08/30 v1.4c Standard LaTeX Graphics (DPC,SPQR)

(c:/texlive/2021/texmf-dist/tex/latex/graphics/trig.sty
Package: trig 2016/01/03 v1.10 sin cos tan (DPC)
)
(c:/texlive/2021/texmf-dist/tex/latex/graphics-cfg/graphics.cfg
File: graphics.cfg 2016/06/04 v1.11 sample graphics configuration
)
Package graphics Info: Driver file: pdftex.def on input line 105.

(c:/texlive/2021/texmf-dist/tex/latex/graphics-def/pdftex.def
File: pdftex.def 2020/10/05 v1.2a Graphics/color driver for pdftex
))
\Gin@req@height=\dimen162
\Gin@req@width=\dimen163
)
(c:/texlive/2021/texmf-dist/tex/latex/pgf/systemlayer/pgfsys.sty
(c:/texlive/2021/texmf-dist/tex/latex/pgf/utilities/pgfrcs.sty
(c:/texlive/2021/texmf-dist/tex/generic/pgf/utilities/pgfutil-common.tex
\pgfutil@everybye=\toks17
\pgfutil@tempdima=\dimen164
\pgfutil@tempdimb=\dimen165

(c:/texlive/2021/texmf-dist/tex/generic/pgf/utilities/pgfutil-common-lists.tex)
) (c:/texlive/2021/texmf-dist/tex/generic/pgf/utilities/pgfutil-latex.def
\pgfutil@abb=\box56
)
(c:/texlive/2021/texmf-dist/tex/generic/pgf/utilities/pgfrcs.code.tex
(c:/texlive/2021/texmf-dist/tex/generic/pgf/pgf.revision.tex)
Package: pgfrcs 2020/12/27 v3.1.8b (3.1.8b)
))
(c:/texlive/2021/texmf-dist/tex/generic/pgf/systemlayer/pgfsys.code.tex
Package: pgfsys 2020/12/27 v3.1.8b (3.1.8b)

(c:/texlive/2021/texmf-dist/tex/generic/pgf/utilities/pgfkeys.code.tex
\pgfkeys@pathtoks=\toks18
\pgfkeys@temptoks=\toks19

(c:/texlive/2021/texmf-dist/tex/generic/pgf/utilities/pgfkeysfiltered.code.tex
\pgfkeys@tmptoks=\toks20
))
\pgf@x=\dimen166
\pgf@y=\dimen167
\pgf@xa=\dimen168
\pgf@ya=\dimen169
\pgf@xb=\dimen170
\pgf@yb=\dimen171
\pgf@xc=\dimen172
\pgf@yc=\dimen173
\pgf@xd=\dimen174
\pgf@yd=\dimen175
\w@pgf@writea=\write3
\r@pgf@reada=\read2
\c@pgf@counta=\count273
\c@pgf@countb=\count274
\c@pgf@countc=\count275
\c@pgf@countd=\count276
\t@pgf@toka=\toks21
\t@pgf@tokb=\toks22
\t@pgf@tokc=\toks23
\pgf@sys@id@count=\count277
 (c:/texlive/2021/texmf-dist/tex/generic/pgf/systemlayer/pgf.cfg
File: pgf.cfg 2020/12/27 v3.1.8b (3.1.8b)
)
Driver file for pgf: pgfsys-pdftex.def

(c:/texlive/2021/texmf-dist/tex/generic/pgf/systemlayer/pgfsys-pdftex.def
File: pgfsys-pdftex.def 2020/12/27 v3.1.8b (3.1.8b)

(c:/texlive/2021/texmf-dist/tex/generic/pgf/systemlayer/pgfsys-common-pdf.def
File: pgfsys-common-pdf.def 2020/12/27 v3.1.8b (3.1.8b)
)))
(c:/texlive/2021/texmf-dist/tex/generic/pgf/systemlayer/pgfsyssoftpath.code.tex
File: pgfsyssoftpath.code.tex 2020/12/27 v3.1.8b (3.1.8b)
\pgfsyssoftpath@smallbuffer@items=\count278
\pgfsyssoftpath@bigbuffer@items=\count279
)
(c:/texlive/2021/texmf-dist/tex/generic/pgf/systemlayer/pgfsysprotocol.code.tex
File: pgfsysprotocol.code.tex 2020/12/27 v3.1.8b (3.1.8b)
)) (c:/texlive/2021/texmf-dist/tex/latex/xcolor/xcolor.sty
Package: xcolor 2016/05/11 v2.12 LaTeX color extensions (UK)

(c:/texlive/2021/texmf-dist/tex/latex/graphics-cfg/color.cfg
File: color.cfg 2016/01/02 v1.6 sample color configuration
)
Package xcolor Info: Driver file: pdftex.def on input line 225.

(c:/texlive/2021/texmf-dist/tex/latex/colortbl/colortbl.sty
Package: colortbl 2020/01/04 v1.0e Color table columns (DPC)

(c:/texlive/2021/texmf-dist/tex/latex/tools/array.sty
Package: array 2020/10/01 v2.5c Tabular extension package (FMi)
\col@sep=\dimen176
\ar@mcellbox=\box57
\extrarowheight=\dimen177
\NC@list=\toks24
\extratabsurround=\skip50
\backup@length=\skip51
\ar@cellbox=\box58
)
\everycr=\toks25
\minrowclearance=\skip52
)
\rownum=\count280
Package xcolor Info: Model `cmy' substituted by `cmy0' on input line 1348.
Package xcolor Info: Model `hsb' substituted by `rgb' on input line 1352.
Package xcolor Info: Model `RGB' extended on input line 1364.
Package xcolor Info: Model `HTML' substituted by `rgb' on input line 1366.
Package xcolor Info: Model `Hsb' substituted by `hsb' on input line 1367.
Package xcolor Info: Model `tHsb' substituted by `hsb' on input line 1368.
Package xcolor Info: Model `HSB' substituted by `hsb' on input line 1369.
Package xcolor Info: Model `Gray' substituted by `gray' on input line 1370.
Package xcolor Info: Model `wave' substituted by `hsb' on input line 1371.
)
(c:/texlive/2021/texmf-dist/tex/generic/pgf/basiclayer/pgfcore.code.tex
Package: pgfcore 2020/12/27 v3.1.8b (3.1.8b)

(c:/texlive/2021/texmf-dist/tex/generic/pgf/math/pgfmath.code.tex
(c:/texlive/2021/texmf-dist/tex/generic/pgf/math/pgfmathcalc.code.tex
(c:/texlive/2021/texmf-dist/tex/generic/pgf/math/pgfmathutil.code.tex)
(c:/texlive/2021/texmf-dist/tex/generic/pgf/math/pgfmathparser.code.tex
\pgfmath@dimen=\dimen178
\pgfmath@count=\count281
\pgfmath@box=\box59
\pgfmath@toks=\toks26
\pgfmath@stack@operand=\toks27
\pgfmath@stack@operation=\toks28
)
(c:/texlive/2021/texmf-dist/tex/generic/pgf/math/pgfmathfunctions.code.tex
(c:/texlive/2021/texmf-dist/tex/generic/pgf/math/pgfmathfunctions.basic.code.te
x)
(c:/texlive/2021/texmf-dist/tex/generic/pgf/math/pgfmathfunctions.trigonometric
.code.tex)
(c:/texlive/2021/texmf-dist/tex/generic/pgf/math/pgfmathfunctions.random.code.t
ex)
(c:/texlive/2021/texmf-dist/tex/generic/pgf/math/pgfmathfunctions.comparison.co
de.tex)
(c:/texlive/2021/texmf-dist/tex/generic/pgf/math/pgfmathfunctions.base.code.tex
)
(c:/texlive/2021/texmf-dist/tex/generic/pgf/math/pgfmathfunctions.round.code.te
x)
(c:/texlive/2021/texmf-dist/tex/generic/pgf/math/pgfmathfunctions.misc.code.tex
)
(c:/texlive/2021/texmf-dist/tex/generic/pgf/math/pgfmathfunctions.integerarithm
etics.code.tex)))
(c:/texlive/2021/texmf-dist/tex/generic/pgf/math/pgfmathfloat.code.tex
\c@pgfmathroundto@lastzeros=\count282
))
(c:/texlive/2021/texmf-dist/tex/generic/pgf/math/pgfint.code.tex)
(c:/texlive/2021/texmf-dist/tex/generic/pgf/basiclayer/pgfcorepoints.code.tex
File: pgfcorepoints.code.tex 2020/12/27 v3.1.8b (3.1.8b)
\pgf@picminx=\dimen179
\pgf@picmaxx=\dimen180
\pgf@picminy=\dimen181
\pgf@picmaxy=\dimen182
\pgf@pathminx=\dimen183
\pgf@pathmaxx=\dimen184
\pgf@pathminy=\dimen185
\pgf@pathmaxy=\dimen186
\pgf@xx=\dimen187
\pgf@xy=\dimen188
\pgf@yx=\dimen189
\pgf@yy=\dimen190
\pgf@zx=\dimen191
\pgf@zy=\dimen192
)
(c:/texlive/2021/texmf-dist/tex/generic/pgf/basiclayer/pgfcorepathconstruct.cod
e.tex
File: pgfcorepathconstruct.code.tex 2020/12/27 v3.1.8b (3.1.8b)
\pgf@path@lastx=\dimen193
\pgf@path@lasty=\dimen194
)
(c:/texlive/2021/texmf-dist/tex/generic/pgf/basiclayer/pgfcorepathusage.code.te
x
File: pgfcorepathusage.code.tex 2020/12/27 v3.1.8b (3.1.8b)
\pgf@shorten@end@additional=\dimen195
\pgf@shorten@start@additional=\dimen196
)
(c:/texlive/2021/texmf-dist/tex/generic/pgf/basiclayer/pgfcorescopes.code.tex
File: pgfcorescopes.code.tex 2020/12/27 v3.1.8b (3.1.8b)
\pgfpic=\box60
\pgf@hbox=\box61
\pgf@layerbox@main=\box62
\pgf@picture@serial@count=\count283
)
(c:/texlive/2021/texmf-dist/tex/generic/pgf/basiclayer/pgfcoregraphicstate.code
.tex
File: pgfcoregraphicstate.code.tex 2020/12/27 v3.1.8b (3.1.8b)
\pgflinewidth=\dimen197
)
(c:/texlive/2021/texmf-dist/tex/generic/pgf/basiclayer/pgfcoretransformations.c
ode.tex
File: pgfcoretransformations.code.tex 2020/12/27 v3.1.8b (3.1.8b)
\pgf@pt@x=\dimen198
\pgf@pt@y=\dimen199
\pgf@pt@temp=\dimen256
)
(c:/texlive/2021/texmf-dist/tex/generic/pgf/basiclayer/pgfcorequick.code.tex
File: pgfcorequick.code.tex 2020/12/27 v3.1.8b (3.1.8b)
)
(c:/texlive/2021/texmf-dist/tex/generic/pgf/basiclayer/pgfcoreobjects.code.tex
File: pgfcoreobjects.code.tex 2020/12/27 v3.1.8b (3.1.8b)
)
(c:/texlive/2021/texmf-dist/tex/generic/pgf/basiclayer/pgfcorepathprocessing.co
de.tex
File: pgfcorepathprocessing.code.tex 2020/12/27 v3.1.8b (3.1.8b)
)
(c:/texlive/2021/texmf-dist/tex/generic/pgf/basiclayer/pgfcorearrows.code.tex
File: pgfcorearrows.code.tex 2020/12/27 v3.1.8b (3.1.8b)
\pgfarrowsep=\dimen257
)
(c:/texlive/2021/texmf-dist/tex/generic/pgf/basiclayer/pgfcoreshade.code.tex
File: pgfcoreshade.code.tex 2020/12/27 v3.1.8b (3.1.8b)
\pgf@max=\dimen258
\pgf@sys@shading@range@num=\count284
\pgf@shadingcount=\count285
)
(c:/texlive/2021/texmf-dist/tex/generic/pgf/basiclayer/pgfcoreimage.code.tex
File: pgfcoreimage.code.tex 2020/12/27 v3.1.8b (3.1.8b)

(c:/texlive/2021/texmf-dist/tex/generic/pgf/basiclayer/pgfcoreexternal.code.tex
File: pgfcoreexternal.code.tex 2020/12/27 v3.1.8b (3.1.8b)
\pgfexternal@startupbox=\box63
))
(c:/texlive/2021/texmf-dist/tex/generic/pgf/basiclayer/pgfcorelayers.code.tex
File: pgfcorelayers.code.tex 2020/12/27 v3.1.8b (3.1.8b)
)
(c:/texlive/2021/texmf-dist/tex/generic/pgf/basiclayer/pgfcoretransparency.code
.tex
File: pgfcoretransparency.code.tex 2020/12/27 v3.1.8b (3.1.8b)
)
(c:/texlive/2021/texmf-dist/tex/generic/pgf/basiclayer/pgfcorepatterns.code.tex
File: pgfcorepatterns.code.tex 2020/12/27 v3.1.8b (3.1.8b)
) (c:/texlive/2021/texmf-dist/tex/generic/pgf/basiclayer/pgfcorerdf.code.tex
File: pgfcorerdf.code.tex 2020/12/27 v3.1.8b (3.1.8b)
))) (c:/texlive/2021/texmf-dist/tex/latex/pgf/utilities/xxcolor.sty
Package: xxcolor 2003/10/24 ver 0.1
\XC@nummixins=\count286
\XC@countmixins=\count287
)
(c:/texlive/2021/texmf-dist/tex/latex/base/atbegshi-ltx.sty
Package: atbegshi-ltx 2020/08/17 v1.0a Emulation of the original atbegshi packa
ge
with kernel methods
)
(c:/texlive/2021/texmf-dist/tex/latex/hyperref/hyperref.sty
Package: hyperref 2021-02-27 v7.00k Hypertext links for LaTeX

(c:/texlive/2021/texmf-dist/tex/generic/ltxcmds/ltxcmds.sty
Package: ltxcmds 2020-05-10 v1.25 LaTeX kernel commands for general use (HO)
)
(c:/texlive/2021/texmf-dist/tex/generic/pdftexcmds/pdftexcmds.sty
Package: pdftexcmds 2020-06-27 v0.33 Utility functions of pdfTeX for LuaTeX (HO
)

(c:/texlive/2021/texmf-dist/tex/generic/infwarerr/infwarerr.sty
Package: infwarerr 2019/12/03 v1.5 Providing info/warning/error messages (HO)
)
Package pdftexcmds Info: \pdf@primitive is available.
Package pdftexcmds Info: \pdf@ifprimitive is available.
Package pdftexcmds Info: \pdfdraftmode found.
)
(c:/texlive/2021/texmf-dist/tex/generic/kvsetkeys/kvsetkeys.sty
Package: kvsetkeys 2019/12/15 v1.18 Key value parser (HO)
)
(c:/texlive/2021/texmf-dist/tex/generic/kvdefinekeys/kvdefinekeys.sty
Package: kvdefinekeys 2019-12-19 v1.6 Define keys (HO)
)
(c:/texlive/2021/texmf-dist/tex/generic/pdfescape/pdfescape.sty
Package: pdfescape 2019/12/09 v1.15 Implements pdfTeX's escape features (HO)
)
(c:/texlive/2021/texmf-dist/tex/latex/hycolor/hycolor.sty
Package: hycolor 2020-01-27 v1.10 Color options for hyperref/bookmark (HO)
)
(c:/texlive/2021/texmf-dist/tex/latex/letltxmacro/letltxmacro.sty
Package: letltxmacro 2019/12/03 v1.6 Let assignment for LaTeX macros (HO)
)
(c:/texlive/2021/texmf-dist/tex/latex/auxhook/auxhook.sty
Package: auxhook 2019-12-17 v1.6 Hooks for auxiliary files (HO)
)
(c:/texlive/2021/texmf-dist/tex/latex/kvoptions/kvoptions.sty
Package: kvoptions 2020-10-07 v3.14 Key value format for package options (HO)
)
\@linkdim=\dimen259
\Hy@linkcounter=\count288
\Hy@pagecounter=\count289

(c:/texlive/2021/texmf-dist/tex/latex/hyperref/pd1enc.def
File: pd1enc.def 2021-02-27 v7.00k Hyperref: PDFDocEncoding definition (HO)
Now handling font encoding PD1 ...
... no UTF-8 mapping file for font encoding PD1
)
(c:/texlive/2021/texmf-dist/tex/latex/hyperref/hyperref-langpatches.def
File: hyperref-langpatches.def 2021-02-27 v7.00k Hyperref: patches for babel la
nguages
)
(c:/texlive/2021/texmf-dist/tex/generic/intcalc/intcalc.sty
Package: intcalc 2019/12/15 v1.3 Expandable calculations with integers (HO)
)
(c:/texlive/2021/texmf-dist/tex/generic/etexcmds/etexcmds.sty
Package: etexcmds 2019/12/15 v1.7 Avoid name clashes with e-TeX commands (HO)
)
\Hy@SavedSpaceFactor=\count290

(c:/texlive/2021/texmf-dist/tex/latex/hyperref/puenc.def
File: puenc.def 2021-02-27 v7.00k Hyperref: PDF Unicode definition (HO)
Now handling font encoding PU ...
... no UTF-8 mapping file for font encoding PU
)
Package hyperref Info: Option `bookmarks' set `true' on input line 4073.
Package hyperref Info: Option `bookmarksopen' set `true' on input line 4073.
Package hyperref Info: Option `implicit' set `false' on input line 4073.
Package hyperref Info: Hyper figures OFF on input line 4192.
Package hyperref Info: Link nesting OFF on input line 4197.
Package hyperref Info: Hyper index ON on input line 4200.
Package hyperref Info: Plain pages OFF on input line 4207.
Package hyperref Info: Backreferencing OFF on input line 4212.
Package hyperref Info: Implicit mode OFF; no redefinition of LaTeX internals.
Package hyperref Info: Bookmarks ON on input line 4445.
\c@Hy@tempcnt=\count291

(c:/texlive/2021/texmf-dist/tex/latex/url/url.sty
\Urlmuskip=\muskip16
Package: url 2013/09/16  ver 3.4  Verb mode for urls, etc.
)
LaTeX Info: Redefining \url on input line 4804.
\XeTeXLinkMargin=\dimen260

(c:/texlive/2021/texmf-dist/tex/generic/bitset/bitset.sty
Package: bitset 2019/12/09 v1.3 Handle bit-vector datatype (HO)

(c:/texlive/2021/texmf-dist/tex/generic/bigintcalc/bigintcalc.sty
Package: bigintcalc 2019/12/15 v1.5 Expandable calculations on big integers (HO
)
))
\Fld@menulength=\count292
\Field@Width=\dimen261
\Fld@charsize=\dimen262
Package hyperref Info: Hyper figures OFF on input line 6075.
Package hyperref Info: Link nesting OFF on input line 6080.
Package hyperref Info: Hyper index ON on input line 6083.
Package hyperref Info: backreferencing OFF on input line 6090.
Package hyperref Info: Link coloring OFF on input line 6095.
Package hyperref Info: Link coloring with OCG OFF on input line 6100.
Package hyperref Info: PDF/A mode OFF on input line 6105.
LaTeX Info: Redefining \ref on input line 6145.
LaTeX Info: Redefining \pageref on input line 6149.
\Hy@abspage=\count293


Package hyperref Message: Stopped early.

)
Package hyperref Info: Driver (autodetected): hpdftex.
 (c:/texlive/2021/texmf-dist/tex/latex/hyperref/hpdftex.def
File: hpdftex.def 2021-02-27 v7.00k Hyperref driver for pdfTeX

(c:/texlive/2021/texmf-dist/tex/latex/base/atveryend-ltx.sty
Package: atveryend-ltx 2020/08/19 v1.0a Emulation of the original atvery packag
e
with kernel methods
)
\Fld@listcount=\count294
\c@bookmark@seq@number=\count295

(c:/texlive/2021/texmf-dist/tex/latex/rerunfilecheck/rerunfilecheck.sty
Package: rerunfilecheck 2019/12/05 v1.9 Rerun checks for auxiliary files (HO)

(c:/texlive/2021/texmf-dist/tex/generic/uniquecounter/uniquecounter.sty
Package: uniquecounter 2019/12/15 v1.4 Provide unlimited unique counter (HO)
)
Package uniquecounter Info: New unique counter `rerunfilecheck' on input line 2
86.
))
(c:/texlive/2021/texmf-dist/tex/latex/beamer/beamerbaserequires.sty
(c:/texlive/2021/texmf-dist/tex/latex/beamer/beamerbasecompatibility.sty)
(c:/texlive/2021/texmf-dist/tex/latex/beamer/beamerbasefont.sty
(c:/texlive/2021/texmf-dist/tex/latex/amsfonts/amssymb.sty
Package: amssymb 2013/01/14 v3.01 AMS font symbols

(c:/texlive/2021/texmf-dist/tex/latex/amsfonts/amsfonts.sty
Package: amsfonts 2013/01/14 v3.01 Basic AMSFonts support
\@emptytoks=\toks29
\symAMSa=\mathgroup4
\symAMSb=\mathgroup5
LaTeX Font Info:    Redeclaring math symbol \hbar on input line 98.
LaTeX Font Info:    Overwriting math alphabet `\mathfrak' in version `bold'
(Font)                  U/euf/m/n --> U/euf/b/n on input line 106.
)))
(c:/texlive/2021/texmf-dist/tex/latex/beamer/beamerbasetranslator.sty
(c:/texlive/2021/texmf-dist/tex/latex/translator/translator.sty
Package: translator 2020-08-03 v1.12c Easy translation of strings in LaTeX
))
(c:/texlive/2021/texmf-dist/tex/latex/beamer/beamerbasemisc.sty)
(c:/texlive/2021/texmf-dist/tex/latex/beamer/beamerbasetwoscreens.sty)
(c:/texlive/2021/texmf-dist/tex/latex/beamer/beamerbaseoverlay.sty
\beamer@argscount=\count296
\beamer@lastskipcover=\skip53
\beamer@trivlistdepth=\count297
)
(c:/texlive/2021/texmf-dist/tex/latex/beamer/beamerbasetitle.sty)
(c:/texlive/2021/texmf-dist/tex/latex/beamer/beamerbasesection.sty
\c@lecture=\count298
\c@part=\count299
\c@section=\count300
\c@subsection=\count301
\c@subsubsection=\count302
)
(c:/texlive/2021/texmf-dist/tex/latex/beamer/beamerbaseframe.sty
\beamer@framebox=\box64
\beamer@frametitlebox=\box65
\beamer@zoombox=\box66
\beamer@zoomcount=\count303
\beamer@zoomframecount=\count304
\beamer@frametextheight=\dimen263
\c@subsectionslide=\count305
\beamer@frametopskip=\skip54
\beamer@framebottomskip=\skip55
\beamer@frametopskipautobreak=\skip56
\beamer@framebottomskipautobreak=\skip57
\beamer@envbody=\toks30
\framewidth=\dimen264
\c@framenumber=\count306
)
(c:/texlive/2021/texmf-dist/tex/latex/beamer/beamerbaseverbatim.sty
\beamer@verbatimfileout=\write4
)
(c:/texlive/2021/texmf-dist/tex/latex/beamer/beamerbaseframesize.sty
\beamer@splitbox=\box67
\beamer@autobreakcount=\count307
\beamer@autobreaklastheight=\dimen265
\beamer@frametitletoks=\toks31
\beamer@framesubtitletoks=\toks32
)
(c:/texlive/2021/texmf-dist/tex/latex/beamer/beamerbaseframecomponents.sty
\beamer@footins=\box68
)
(c:/texlive/2021/texmf-dist/tex/latex/beamer/beamerbasecolor.sty)
(c:/texlive/2021/texmf-dist/tex/latex/beamer/beamerbasenotes.sty
\beamer@frameboxcopy=\box69
)
(c:/texlive/2021/texmf-dist/tex/latex/beamer/beamerbasetoc.sty)
(c:/texlive/2021/texmf-dist/tex/latex/beamer/beamerbasetemplates.sty
\beamer@sbttoks=\toks33

(c:/texlive/2021/texmf-dist/tex/latex/beamer/beamerbaseauxtemplates.sty
(c:/texlive/2021/texmf-dist/tex/latex/beamer/beamerbaseboxes.sty
\bmb@box=\box70
\bmb@colorbox=\box71
\bmb@boxwidth=\dimen266
\bmb@boxheight=\dimen267
\bmb@prevheight=\dimen268
\bmb@temp=\dimen269
\bmb@dima=\dimen270
\bmb@dimb=\dimen271
\bmb@prevheight=\dimen272
)
\beamer@blockheadheight=\dimen273
))
(c:/texlive/2021/texmf-dist/tex/latex/beamer/beamerbaselocalstructure.sty
(c:/texlive/2021/texmf-dist/tex/latex/tools/enumerate.sty
Package: enumerate 2015/07/23 v3.00 enumerate extensions (DPC)
\@enLab=\toks34
)
\beamer@bibiconwidth=\skip58
\c@figure=\count308
\c@table=\count309
\abovecaptionskip=\skip59
\belowcaptionskip=\skip60
)
(c:/texlive/2021/texmf-dist/tex/latex/beamer/beamerbasenavigation.sty
\beamer@section@min@dim=\dimen274
)
(c:/texlive/2021/texmf-dist/tex/latex/beamer/beamerbasetheorems.sty
(c:/texlive/2021/texmf-dist/tex/latex/amsmath/amsmath.sty
Package: amsmath 2020/09/23 v2.17i AMS math features
\@mathmargin=\skip61

For additional information on amsmath, use the `?' option.
(c:/texlive/2021/texmf-dist/tex/latex/amsmath/amstext.sty
Package: amstext 2000/06/29 v2.01 AMS text

(c:/texlive/2021/texmf-dist/tex/latex/amsmath/amsgen.sty
File: amsgen.sty 1999/11/30 v2.0 generic functions
\@emptytoks=\toks35
\ex@=\dimen275
))
(c:/texlive/2021/texmf-dist/tex/latex/amsmath/amsbsy.sty
Package: amsbsy 1999/11/29 v1.2d Bold Symbols
\pmbraise@=\dimen276
)
(c:/texlive/2021/texmf-dist/tex/latex/amsmath/amsopn.sty
Package: amsopn 2016/03/08 v2.02 operator names
)
\inf@bad=\count310
LaTeX Info: Redefining \frac on input line 234.
\uproot@=\count311
\leftroot@=\count312
LaTeX Info: Redefining \overline on input line 399.
\classnum@=\count313
\DOTSCASE@=\count314
LaTeX Info: Redefining \ldots on input line 496.
LaTeX Info: Redefining \dots on input line 499.
LaTeX Info: Redefining \cdots on input line 620.
\Mathstrutbox@=\box72
\strutbox@=\box73
\big@size=\dimen277
LaTeX Font Info:    Redeclaring font encoding OML on input line 743.
LaTeX Font Info:    Redeclaring font encoding OMS on input line 744.
\macc@depth=\count315
\c@MaxMatrixCols=\count316
\dotsspace@=\muskip17
\c@parentequation=\count317
\dspbrk@lvl=\count318
\tag@help=\toks36
\row@=\count319
\column@=\count320
\maxfields@=\count321
\andhelp@=\toks37
\eqnshift@=\dimen278
\alignsep@=\dimen279
\tagshift@=\dimen280
\tagwidth@=\dimen281
\totwidth@=\dimen282
\lineht@=\dimen283
\@envbody=\toks38
\multlinegap=\skip62
\multlinetaggap=\skip63
\mathdisplay@stack=\toks39
LaTeX Info: Redefining \[ on input line 2923.
LaTeX Info: Redefining \] on input line 2924.
)
(c:/texlive/2021/texmf-dist/tex/latex/amscls/amsthm.sty
Package: amsthm 2020/05/29 v2.20.6
\thm@style=\toks40
\thm@bodyfont=\toks41
\thm@headfont=\toks42
\thm@notefont=\toks43
\thm@headpunct=\toks44
\thm@preskip=\skip64
\thm@postskip=\skip65
\thm@headsep=\skip66
\dth@everypar=\toks45
)
\c@theorem=\count322
)
(c:/texlive/2021/texmf-dist/tex/latex/beamer/beamerbasethemes.sty))
(c:/texlive/2021/texmf-dist/tex/latex/beamer/beamerthemedefault.sty
(c:/texlive/2021/texmf-dist/tex/latex/beamer/beamerfontthemedefault.sty)
(c:/texlive/2021/texmf-dist/tex/latex/beamer/beamercolorthemedefault.sty)
(c:/texlive/2021/texmf-dist/tex/latex/beamer/beamerinnerthemedefault.sty
\beamer@dima=\dimen284
\beamer@dimb=\dimen285
)
(c:/texlive/2021/texmf-dist/tex/latex/beamer/beamerouterthemedefault.sty)))
(c:/texlive/2021/texmf-dist/tex/latex/beamer/beamerthemeWarsaw.sty
(c:/texlive/2021/texmf-dist/tex/latex/beamer/beamerinnerthemerounded.sty)
(c:/texlive/2021/texmf-dist/tex/latex/beamer/beamerouterthemeshadow.sty
(c:/texlive/2021/texmf-dist/tex/latex/beamer/beamerouterthemesplit.sty))
(c:/texlive/2021/texmf-dist/tex/latex/beamer/beamercolorthemeorchid.sty)
(c:/texlive/2021/texmf-dist/tex/latex/beamer/beamercolorthemewhale.sty))
(c:/texlive/2021/texmf-dist/tex/latex/algorithm2e/algorithm2e.sty
Package: algorithm2e 2017/07/18 v5.2 algorithms environments
\c@AlgoLine=\count323

(c:/texlive/2021/texmf-dist/tex/latex/base/ifthen.sty
Package: ifthen 2014/09/29 v1.1c Standard LaTeX ifthen package (DPC)
)
\algocf@hangindent=\skip67

(c:/texlive/2021/texmf-dist/tex/latex/ifoddpage/ifoddpage.sty
Package: ifoddpage 2016/04/23 v1.1 Conditionals for odd/even page detection
\c@checkoddpage=\count324
)
(c:/texlive/2021/texmf-dist/tex/latex/tools/xspace.sty
Package: xspace 2014/10/28 v1.13 Space after command names (DPC,MH)
)
(c:/texlive/2021/texmf-dist/tex/latex/relsize/relsize.sty
Package: relsize 2013/03/29 ver 4.1
)
\skiptotal=\skip68
\skiplinenumber=\skip69
\skiprule=\skip70
\skiphlne=\skip71
\skiptext=\skip72
\skiplength=\skip73
\algomargin=\skip74
\skipalgocfslide=\skip75
\algowidth=\dimen286
\inoutsize=\dimen287
\inoutindent=\dimen288
\interspacetitleruled=\dimen289
\interspacealgoruled=\dimen290
\interspacetitleboxruled=\dimen291
\algocf@ruledwidth=\skip76
\algocf@inoutbox=\box74
\algocf@inputbox=\box75
\AlCapSkip=\skip77
\AlCapHSkip=\skip78
\algoskipindent=\skip79
\algocf@nlbox=\box76
\algocf@hangingbox=\box77
\algocf@untilbox=\box78
\algocf@skipuntil=\skip80
\algocf@capbox=\box79
\algocf@lcaptionbox=\skip81
\algoheightruledefault=\skip82
\algoheightrule=\skip83
\algotitleheightruledefault=\skip84
\algotitleheightrule=\skip85
\c@algocfline=\count325
\c@algocfproc=\count326
\c@algocf=\count327
\algocf@algoframe=\box80
\algocf@algobox=\box81
)
(c:/texlive/2021/texmf-dist/tex/latex/graphics/epsfig.sty
Package: epsfig 2017/06/25 v1.7b (e)psfig emulation (SPQR)
\epsfxsize=\dimen292
\epsfysize=\dimen293
)
(c:/texlive/2021/texmf-dist/tex/latex/subfigure/subfigure.sty
Package: subfigure 2002/03/15 v2.1.5 subfigure package
\subfigtopskip=\skip86
\subfigcapskip=\skip87
\subfigcaptopadj=\dimen294
\subfigbottomskip=\skip88
\subfigcapmargin=\dimen295
\subfiglabelskip=\skip89
\c@subfigure=\count328
\c@lofdepth=\count329
\c@subtable=\count330
\c@lotdepth=\count331

****************************************
* Local config file subfigure.cfg used *
****************************************
(c:/texlive/2021/texmf-dist/tex/latex/subfigure/subfigure.cfg)
\subfig@top=\skip90
\subfig@bottom=\skip91
)
(c:/texlive/2021/texmf-dist/tex/latex/multirow/multirow.sty
Package: multirow 2021/03/15 v2.8 Span multiple rows of a table
\multirow@colwidth=\skip92
\multirow@cntb=\count332
\multirow@dima=\skip93
\bigstrutjot=\dimen296
)
(c:/texlive/2021/texmf-dist/tex/latex/algorithms/algorithmic.sty
Package: algorithmic 2009/08/24 v0.1 Document Style `algorithmic'
\c@ALC@unique=\count333
\c@ALC@line=\count334
\c@ALC@rem=\count335
\c@ALC@depth=\count336
\ALC@tlm=\skip94
\algorithmicindent=\skip95
)
(c:/texlive/2021/texmf-dist/tex/generic/babel/babel.sty
Package: babel 2021/03/24 3.56 The Babel package

(c:/texlive/2021/texmf-dist/tex/generic/babel/babel.def
File: babel.def 2021/03/24 3.56 Babel common definitions
\babel@savecnt=\count337
\U@D=\dimen297
\l@babelnohyphens=\language87

(c:/texlive/2021/texmf-dist/tex/generic/babel/txtbabel.def)
\bbl@readstream=\read3
)
LaTeX Info: Redefining \textlatin on input line 717.
\bbl@dirlevel=\count338

(c:/texlive/2021/texmf-dist/tex/generic/babel-german/ngerman.ldf
Language: ngerman 2021/02/27 v2.13 German support for babel (post-1996 orthogra
phy)

(c:/texlive/2021/texmf-dist/tex/generic/babel-german/ngermanb.ldf
Language: ngermanb 2021/02/27 v2.13 German support for babel (post-1996 orthogr
aphy)
Package babel Info: Making " an active character on input line 122.
)))
(c:/texlive/2021/texmf-dist/tex/latex/base/textcomp.sty
Package: textcomp 2020/02/02 v2.0n Standard LaTeX package
)
(c:/texlive/2021/texmf-dist/tex/latex/float/float.sty
Package: float 2001/11/08 v1.3d Float enhancements (AL)
\c@float@type=\count339
\float@exts=\toks46
\float@box=\box82
\@float@everytoks=\toks47
\@floatcapt=\box83
)
(c:/texlive/2021/texmf-dist/tex/latex/caption/caption.sty
Package: caption 2020/10/26 v3.5g Customizing captions (AR)

(c:/texlive/2021/texmf-dist/tex/latex/caption/caption3.sty
Package: caption3 2020/10/21 v2.2e caption3 kernel (AR)
\captionmargin=\dimen298
\captionmargin@=\dimen299
\captionwidth=\dimen300
\caption@tempdima=\dimen301
\caption@indent=\dimen302
\caption@parindent=\dimen303
\caption@hangindent=\dimen304
Package caption Info: beamer document class detected.

(c:/texlive/2021/texmf-dist/tex/latex/caption/caption-beamer.sto
File: caption-beamer.sto 2020/08/22 v2.0 Adaption of the caption package to the
 beamer document classes (AR)
))
\c@caption@flags=\count340
\c@continuedfloat=\count341
Package caption Info: float package is loaded.
Package caption Info: hyperref package is loaded.
Package caption Info: Hyperref support is turned off
(caption)             because hyperref has stopped early.
Package caption Info: subfigure package is loaded.
)
(c:/texlive/2021/texmf-dist/tex/latex/was/upgreek.sty
Package: upgreek 2003/02/12 v2.0 (WaS)
Package upgreek Info: Using Euler Roman for upright Greek on input line 31.
\symugrf@m=\mathgroup6
LaTeX Font Info:    Overwriting symbol font `ugrf@m' in version `bold'
(Font)                  U/eur/m/n --> U/eur/b/n on input line 38.
)
(c:/texlive/2021/texmf-dist/tex/latex/floatflt/floatflt.sty
Package: floatflt 1997/07/16 v. 1.31
\c@OptionTest=\count342
\figbox=\box84
\tabbox=\box85
\pagebox=\box86
\ffigcount=\count343
\ftabcount=\count344
\fftest=\count345
\hangcount=\count346
\nosuccesstryfig=\count347
\nosuccesstrytab=\count348
\figgutter=\dimen305
\tabgutter=\dimen306
\htdone=\dimen307
\pageht=\dimen308
\startpageht=\dimen309
\tabbredd=\dimen310
\floatfltwidth=\dimen311
\fltitemwidth=\dimen312
\outputpretest=\toks48
)
(c:/texlive/2021/texmf-dist/tex/latex/carlisle/slashed.sty
Package: slashed 1997/01/16 v0.01 Feynman Slashed Character Notation (DPC)
)
(c:/texlive/2021/texmf-dist/tex/latex/l3backend/l3backend-pdftex.def
File: l3backend-pdftex.def 2021-03-18 L3 backend support: PDF output (pdfTeX)
\l__color_backend_stack_int=\count349
\l__pdf_internal_box=\box87
)
(./Masterarbeit_AnPPT.aux)
\openout1 = `Masterarbeit_AnPPT.aux'.

LaTeX Font Info:    Checking defaults for OML/cmm/m/it on input line 58.
LaTeX Font Info:    ... okay on input line 58.
LaTeX Font Info:    Checking defaults for OMS/cmsy/m/n on input line 58.
LaTeX Font Info:    ... okay on input line 58.
LaTeX Font Info:    Checking defaults for OT1/cmr/m/n on input line 58.
LaTeX Font Info:    ... okay on input line 58.
LaTeX Font Info:    Checking defaults for T1/cmr/m/n on input line 58.
LaTeX Font Info:    ... okay on input line 58.
LaTeX Font Info:    Checking defaults for TS1/cmr/m/n on input line 58.
LaTeX Font Info:    ... okay on input line 58.
LaTeX Font Info:    Checking defaults for OMX/cmex/m/n on input line 58.
LaTeX Font Info:    ... okay on input line 58.
LaTeX Font Info:    Checking defaults for U/cmr/m/n on input line 58.
LaTeX Font Info:    ... okay on input line 58.
LaTeX Font Info:    Checking defaults for PD1/pdf/m/n on input line 58.
LaTeX Font Info:    ... okay on input line 58.
LaTeX Font Info:    Checking defaults for PU/pdf/m/n on input line 58.
LaTeX Font Info:    ... okay on input line 58.

*geometry* driver: auto-detecting
*geometry* detected driver: pdftex
*geometry* verbose mode - [ preamble ] result:
* driver: pdftex
* paper: custom
* layout: <same size as paper>
* layoutoffset:(h,v)=(0.0pt,0.0pt)
* modes: includehead includefoot 
* h-part:(L,W,R)=(28.45274pt, 307.28987pt, 28.45274pt)
* v-part:(T,H,B)=(0.0pt, 273.14662pt, 0.0pt)
* \paperwidth=364.19536pt
* \paperheight=273.14662pt
* \textwidth=307.28987pt
* \textheight=244.6939pt
* \oddsidemargin=-43.81725pt
* \evensidemargin=-43.81725pt
* \topmargin=-72.26999pt
* \headheight=14.22636pt
* \headsep=0.0pt
* \topskip=11.0pt
* \footskip=14.22636pt
* \marginparwidth=4.0pt
* \marginparsep=10.0pt
* \columnsep=10.0pt
* \skip\footins=10.0pt plus 4.0pt minus 2.0pt
* \hoffset=0.0pt
* \voffset=0.0pt
* \mag=1000
* \@twocolumnfalse
* \@twosidefalse
* \@mparswitchfalse
* \@reversemarginfalse
* (1in=72.27pt=25.4mm, 1cm=28.453pt)

(c:/texlive/2021/texmf-dist/tex/context/base/mkii/supp-pdf.mkii
[Loading MPS to PDF converter (version 2006.09.02).]
\scratchcounter=\count350
\scratchdimen=\dimen313
\scratchbox=\box88
\nofMPsegments=\count351
\nofMParguments=\count352
\everyMPshowfont=\toks49
\MPscratchCnt=\count353
\MPscratchDim=\dimen314
\MPnumerator=\count354
\makeMPintoPDFobject=\count355
\everyMPtoPDFconversion=\toks50
) (c:/texlive/2021/texmf-dist/tex/latex/epstopdf-pkg/epstopdf-base.sty
Package: epstopdf-base 2020-01-24 v2.11 Base part for package epstopdf
Package epstopdf-base Info: Redefining graphics rule for `.eps' on input line 4
85.

(c:/texlive/2021/texmf-dist/tex/latex/latexconfig/epstopdf-sys.cfg
File: epstopdf-sys.cfg 2010/07/13 v1.3 Configuration of (r)epstopdf for TeX Liv
e
))
Package hyperref Info: Link coloring OFF on input line 58.

(c:/texlive/2021/texmf-dist/tex/latex/hyperref/nameref.sty
Package: nameref 2021-04-02 v2.47 Cross-referencing by name of section

(c:/texlive/2021/texmf-dist/tex/latex/refcount/refcount.sty
Package: refcount 2019/12/15 v3.6 Data extraction from label references (HO)
)
(c:/texlive/2021/texmf-dist/tex/generic/gettitlestring/gettitlestring.sty
Package: gettitlestring 2019/12/15 v1.6 Cleanup title references (HO)
)
\c@section@level=\count356
)
LaTeX Info: Redefining \ref on input line 58.
LaTeX Info: Redefining \pageref on input line 58.
LaTeX Info: Redefining \nameref on input line 58.

(./Masterarbeit_AnPPT.out) (./Masterarbeit_AnPPT.out)
\@outlinefile=\write5
\openout5 = `Masterarbeit_AnPPT.out'.


(c:/texlive/2021/texmf-dist/tex/latex/translator/translator-basic-dictionary-En
glish.dict
Dictionary: translator-basic-dictionary, Language: English 
)
(c:/texlive/2021/texmf-dist/tex/latex/translator/translator-bibliography-dictio
nary-English.dict
Dictionary: translator-bibliography-dictionary, Language: English 
)
(c:/texlive/2021/texmf-dist/tex/latex/translator/translator-environment-diction
ary-English.dict
Dictionary: translator-environment-dictionary, Language: English 
)
(c:/texlive/2021/texmf-dist/tex/latex/translator/translator-months-dictionary-E
nglish.dict
Dictionary: translator-months-dictionary, Language: English 
)
(c:/texlive/2021/texmf-dist/tex/latex/translator/translator-numbers-dictionary-
English.dict
Dictionary: translator-numbers-dictionary, Language: English 
)
(c:/texlive/2021/texmf-dist/tex/latex/translator/translator-theorem-dictionary-
English.dict
Dictionary: translator-theorem-dictionary, Language: English 
)
Package caption Info: Begin \AtBeginDocument code.
Package caption Info: floatflt package is loaded.
Package caption Info: End \AtBeginDocument code.
 (./Masterarbeit_AnPPT.nav)
Overfull \vbox (1.70763pt too high) detected at line 58
 []

<Abbildungen/Logo.jpg, id=50, 459.7175pt x 130.4875pt>
File: Abbildungen/Logo.jpg Graphic file (type jpg)
<use Abbildungen/Logo.jpg>
Package pdftex.def Info: Abbildungen/Logo.jpg  used on input line 67.
(pdftex.def)             Requested size: 91.94186pt x 26.09703pt.
<Abbildungen/HAWKLogo.jpg, id=51, 150.5625pt x 80.3pt>
File: Abbildungen/HAWKLogo.jpg Graphic file (type jpg)
<use Abbildungen/HAWKLogo.jpg>
Package pdftex.def Info: Abbildungen/HAWKLogo.jpg  used on input line 69.
(pdftex.def)             Requested size: 75.28105pt x 40.14989pt.
(./Masterarbeit_AnPPT.toc)
Overfull \vbox (1.70763pt too high) has occurred while \output is active []


[1{c:/texlive/2021/texmf-var/fonts/map/pdftex/updmap/pdftex.map}

 <./Abbildungen/Logo.jpg> <./Abbildungen/HAWKLogo.jpg>]
Overfull \vbox (1.70763pt too high) has occurred while \output is active []


[2]
<Abbildungen/PMSG.PNG, id=150, 330.5148pt x 341.5962pt>
File: Abbildungen/PMSG.PNG Graphic file (type png)
<use Abbildungen/PMSG.PNG>
Package pdftex.def Info: Abbildungen/PMSG.PNG  used on input line 98.
(pdftex.def)             Requested size: 142.26378pt x 147.03465pt.
<Abbildungen/Windkraftanlage.png, id=152, 330.033pt x 285.7074pt>
File: Abbildungen/Windkraftanlage.png Graphic file (type png)
<use Abbildungen/Windkraftanlage.png>
Package pdftex.def Info: Abbildungen/Windkraftanlage.png  used on input line 98
.
(pdftex.def)             Requested size: 142.26378pt x 123.15694pt.

Overfull \vbox (1.70763pt too high) has occurred while \output is active []


[3

 <./Abbildungen/PMSG.png> <./Abbildungen/Windkraftanlage.png>]
<Abbildungen/Demonstrator2.png, id=189, 216.81pt x 311.2428pt>
File: Abbildungen/Demonstrator2.png Graphic file (type png)
<use Abbildungen/Demonstrator2.png>
Package pdftex.def Info: Abbildungen/Demonstrator2.png  used on input line 122.

(pdftex.def)             Requested size: 82.38864pt x 118.27348pt.

Package floatflt Message: Floating figure 1 set on page 4

Overfull \vbox (1.70763pt too high) has occurred while \output is active []


[4

 <./Abbildungen/Demonstrator2.png>]
<Abbildungen/Auslenkung.JPG, id=224, 990.70125pt x 386.94562pt>
File: Abbildungen/Auslenkung.JPG Graphic file (type jpg)
<use Abbildungen/Auslenkung.JPG>
Package pdftex.def Info: Abbildungen/Auslenkung.JPG  used on input line 133.
(pdftex.def)             Requested size: 317.03088pt x 123.82512pt.

Overfull \hbox (9.74101pt too wide) in paragraph at lines 133--133
 [] 
 []


Overfull \vbox (1.70763pt too high) has occurred while \output is active []


[5

 <./Abbildungen/Auslenkung.JPG>]
<Abbildungen/Flussverkettung.JPG, id=256, 616.55344pt x 359.09157pt>
File: Abbildungen/Flussverkettung.JPG Graphic file (type jpg)
<use Abbildungen/Flussverkettung.JPG>
Package pdftex.def Info: Abbildungen/Flussverkettung.JPG  used on input line 15
9.
(pdftex.def)             Requested size: 135.64217pt x 79.00038pt.

Overfull \hbox (18.87053pt too wide) in paragraph at lines 159--159
[][]  
 []

Package floatflt Message: Floating figure 2 set on page 6
LaTeX Font Info:    Trying to load font information for U+msa on input line 159
.
(c:/texlive/2021/texmf-dist/tex/latex/amsfonts/umsa.fd
File: umsa.fd 2013/01/14 v3.01 AMS symbols A
)
LaTeX Font Info:    Trying to load font information for U+msb on input line 159
.

(c:/texlive/2021/texmf-dist/tex/latex/amsfonts/umsb.fd
File: umsb.fd 2013/01/14 v3.01 AMS symbols B
)
Overfull \vbox (1.70763pt too high) has occurred while \output is active []


[6

 <./Abbildungen/Flussverkettung.JPG>]
<Abbildungen/ESB.JPG, id=291, 494.59781pt x 487.06969pt>
File: Abbildungen/ESB.JPG Graphic file (type jpg)
<use Abbildungen/ESB.JPG>
Package pdftex.def Info: Abbildungen/ESB.JPG  used on input line 190.
(pdftex.def)             Requested size: 148.38048pt x 146.12202pt.

Overfull \hbox (31.60884pt too wide) in paragraph at lines 190--190
[][]  
 []

Package floatflt Message: Floating figure 3 set on page 7

Overfull \vbox (1.70763pt too high) has occurred while \output is active []


[7

 <./Abbildungen/ESB.JPG>]
<Abbildungen/MRAS1.PNG, id=328, 498.36188pt x 271.0125pt>
File: Abbildungen/MRAS1.PNG Graphic file (type png)
<use Abbildungen/MRAS1.PNG>
Package pdftex.def Info: Abbildungen/MRAS1.PNG  used on input line 208.
(pdftex.def)             Requested size: 149.5097pt x 81.30437pt.

Overfull \hbox (32.73807pt too wide) in paragraph at lines 208--208
[][]  
 []

Package floatflt Message: Floating figure 4 set on page 8

Overfull \vbox (1.70763pt too high) has occurred while \output is active []


[8

 <./Abbildungen/MRAS1.PNG>]
<Abbildungen/MRAS2.PNG, id=362, 483.30562pt x 230.36063pt>
File: Abbildungen/MRAS2.PNG Graphic file (type png)
<use Abbildungen/MRAS2.PNG>
Package pdftex.def Info: Abbildungen/MRAS2.PNG  used on input line 234.
(pdftex.def)             Requested size: 153.6447pt x 73.23183pt.

Overfull \hbox (6.14688pt too wide) in paragraph at lines 234--234
 [][] 
 []

<Abbildungen/MRAS3.JPG, id=363, 610.53094pt x 405.01312pt>
File: Abbildungen/MRAS3.JPG Graphic file (type jpg)
<use Abbildungen/MRAS3.JPG>
Package pdftex.def Info: Abbildungen/MRAS3.JPG  used on input line 234.
(pdftex.def)             Requested size: 170.71652pt x 113.2484pt.

Overfull \hbox (23.2187pt too wide) in paragraph at lines 234--234
 [][] 
 []


Overfull \vbox (1.70763pt too high) has occurred while \output is active []


[9

 <./Abbildungen/MRAS2.PNG> <./Abbildungen/MRAS3.JPG>]
Overfull \vbox (1.70763pt too high) has occurred while \output is active []


[10

]

LaTeX Warning: Command \textless invalid in math mode on input line 278.

LaTeX Font Info:    Trying to load font information for OML+cmr on input line 2
78.
(c:/texlive/2021/texmf-dist/tex/latex/base/omlcmr.fd
File: omlcmr.fd 2019/12/16 v2.5j Standard LaTeX font definitions
)
LaTeX Font Info:    Font shape `OML/cmr/m/n' in size <10> not available
(Font)              Font shape `OML/cmm/m/it' tried instead on input line 278.


LaTeX Warning: Command \textless invalid in math mode on input line 278.


LaTeX Warning: Command \textless invalid in math mode on input line 278.


LaTeX Warning: Command \textless invalid in math mode on input line 278.


Overfull \vbox (1.70763pt too high) has occurred while \output is active []


[11

]
Overfull \vbox (1.70763pt too high) has occurred while \output is active []


[12

]
<Abbildungen/Fluxdq.JPG, id=507, 337.86224pt x 255.354pt>
File: Abbildungen/Fluxdq.JPG Graphic file (type jpg)
<use Abbildungen/Fluxdq.JPG>
Package pdftex.def Info: Abbildungen/Fluxdq.JPG  used on input line 309.
(pdftex.def)             Requested size: 155.4185pt x 117.46426pt.

Overfull \hbox (38.64687pt too wide) in paragraph at lines 309--309
[][]  
 []

Package floatflt Message: Floating figure 5 set on page 13

Overfull \hbox (31.98795pt too wide) detected at line 309
[]
 []


Overfull \vbox (1.70763pt too high) has occurred while \output is active []


[13

 <./Abbildungen/Fluxdq.JPG>]
Overfull \vbox (1.70763pt too high) has occurred while \output is active []


[14

]
Overfull \vbox (1.70763pt too high) has occurred while \output is active []


[15

]
Package epstopdf Info: Source file: <Abbildungen/EKF.eps>
(epstopdf)                    date: 2021-09-26 21:16:08
(epstopdf)                    size: 154088 bytes
(epstopdf)             Output file: <Abbildungen/EKF-eps-converted-to.pdf>
(epstopdf)                    date: 2021-09-26 21:16:08
(epstopdf)                    size: 49514 bytes
(epstopdf)             Command: <repstopdf --outfile=Abbildungen/EKF-eps-conver
ted-to.pdf Abbildungen/EKF.eps>
(epstopdf)             \includegraphics on input line 385.
Package epstopdf Info: Output file is already uptodate.


pdfTeX warning: pdflatex.exe (file ./Abbildungen/EKF-eps-converted-to.pdf): PDF
 inclusion: found PDF version <1.7>, but at most version <1.5> allowed
<Abbildungen/EKF-eps-converted-to.pdf, id=606, 554.07pt x 473.77pt>
File: Abbildungen/EKF-eps-converted-to.pdf Graphic file (type pdf)
<use Abbildungen/EKF-eps-converted-to.pdf>
Package pdftex.def Info: Abbildungen/EKF-eps-converted-to.pdf  used on input li
ne 385.
(pdftex.def)             Requested size: 182.84366pt x 156.34457pt.

Overfull \vbox (1.70763pt too high) has occurred while \output is active []


[16

 <./Abbildungen/EKF-eps-converted-to.pdf>]
<Abbildungen/Luenberger state observert.png, id=646, 518.6878pt x 370.38374pt>
File: Abbildungen/Luenberger state observert.png Graphic file (type png)
<use Abbildungen/Luenberger state observert.png>
Package pdftex.def Info: Abbildungen/Luenberger state observert.png  used on in
put line 401.
(pdftex.def)             Requested size: 181.54344pt x 129.63625pt.

Overfull \vbox (1.70763pt too high) has occurred while \output is active []


[17

 <./Abbildungen/Luenberger state observert.PNG>]

LaTeX Warning: Command \textendash invalid in math mode on input line 457.


Overfull \vbox (1.70763pt too high) has occurred while \output is active []


[18

]
<Abbildungen/Luenberger Obsever.png, id=711, 770.12718pt x 369.63094pt>
File: Abbildungen/Luenberger Obsever.png Graphic file (type png)
<use Abbildungen/Luenberger Obsever.png>
Package pdftex.def Info: Abbildungen/Luenberger Obsever.png  used on input line
 478.
(pdftex.def)             Requested size: 269.54854pt x 129.37276pt.

Overfull \vbox (1.70763pt too high) has occurred while \output is active []


[19

 <./Abbildungen/Luenberger Obsever.PNG>]
Package epstopdf Info: Source file: <Abbildungen/OhneVerschiebung.eps>
(epstopdf)                    date: 2021-09-26 21:16:09
(epstopdf)                    size: 1083244 bytes
(epstopdf)             Output file: <Abbildungen/OhneVerschiebung-eps-converted
-to.pdf>
(epstopdf)                    date: 2021-09-26 21:16:09
(epstopdf)                    size: 210076 bytes
(epstopdf)             Command: <repstopdf --outfile=Abbildungen/OhneVerschiebu
ng-eps-converted-to.pdf Abbildungen/OhneVerschiebung.eps>
(epstopdf)             \includegraphics on input line 491.
Package epstopdf Info: Output file is already uptodate.


pdfTeX warning: pdflatex.exe (file ./Abbildungen/OhneVerschiebung-eps-converted
-to.pdf): PDF inclusion: found PDF version <1.7>, but at most version <1.5> all
owed
<Abbildungen/OhneVerschiebung-eps-converted-to.pdf, id=746, 1156.32pt x 564.107
5pt>
File: Abbildungen/OhneVerschiebung-eps-converted-to.pdf Graphic file (type pdf)

<use Abbildungen/OhneVerschiebung-eps-converted-to.pdf>
Package pdftex.def Info: Abbildungen/OhneVerschiebung-eps-converted-to.pdf  use
d on input line 491.
(pdftex.def)             Requested size: 346.89868pt x 169.23355pt.

Overfull \hbox (39.60881pt too wide) in paragraph at lines 491--491
 [] 
 []


Overfull \vbox (1.70763pt too high) has occurred while \output is active []


[20

 <./Abbildungen/OhneVerschiebung-eps-converted-to.pdf>]
Package epstopdf Info: Source file: <Abbildungen/DrehmomentDrehzahl.eps>
(epstopdf)                    date: 2021-09-27 22:03:12
(epstopdf)                    size: 201643 bytes
(epstopdf)             Output file: <Abbildungen/DrehmomentDrehzahl-eps-convert
ed-to.pdf>
(epstopdf)                    date: 2021-09-27 22:42:12
(epstopdf)                    size: 45331 bytes
(epstopdf)             Command: <repstopdf --outfile=Abbildungen/DrehmomentDreh
zahl-eps-converted-to.pdf Abbildungen/DrehmomentDrehzahl.eps>
(epstopdf)             \includegraphics on input line 502.
Package epstopdf Info: Output file is already uptodate.
<Abbildungen/DrehmomentDrehzahl-eps-converted-to.pdf, id=786, 1156.32pt x 564.1
075pt>
File: Abbildungen/DrehmomentDrehzahl-eps-converted-to.pdf Graphic file (type pd
f)
<use Abbildungen/DrehmomentDrehzahl-eps-converted-to.pdf>
Package pdftex.def Info: Abbildungen/DrehmomentDrehzahl-eps-converted-to.pdf  u
sed on input line 502.
(pdftex.def)             Requested size: 346.89868pt x 169.23355pt.

Overfull \hbox (39.60881pt too wide) in paragraph at lines 502--502
 [] 
 []


Overfull \vbox (1.70763pt too high) has occurred while \output is active []


[21

 <./Abbildungen/DrehmomentDrehzahl-eps-converted-to.pdf>]
Package epstopdf Info: Source file: <Abbildungen/Vergleich_01Hz.eps>
(epstopdf)                    date: 2021-09-27 21:16:56
(epstopdf)                    size: 368069 bytes
(epstopdf)             Output file: <Abbildungen/Vergleich_01Hz-eps-converted-t
o.pdf>
(epstopdf)                    date: 2021-09-27 22:51:34
(epstopdf)                    size: 116116 bytes
(epstopdf)             Command: <repstopdf --outfile=Abbildungen/Vergleich_01Hz
-eps-converted-to.pdf Abbildungen/Vergleich_01Hz.eps>
(epstopdf)             \includegraphics on input line 513.
Package epstopdf Info: Output file is already uptodate.
<Abbildungen/Vergleich_01Hz-eps-converted-to.pdf, id=827, 1156.32pt x 564.1075p
t>
File: Abbildungen/Vergleich_01Hz-eps-converted-to.pdf Graphic file (type pdf)
<use Abbildungen/Vergleich_01Hz-eps-converted-to.pdf>
Package pdftex.def Info: Abbildungen/Vergleich_01Hz-eps-converted-to.pdf  used 
on input line 513.
(pdftex.def)             Requested size: 346.89868pt x 169.23355pt.

Overfull \hbox (39.60881pt too wide) in paragraph at lines 513--513
 [] 
 []


Overfull \vbox (14.03441pt too high) detected at line 513
 []


Overfull \vbox (1.70763pt too high) has occurred while \output is active []


[22

 <./Abbildungen/Vergleich_01Hz-eps-converted-to.pdf>]
Package epstopdf Info: Source file: <Abbildungen/Vergleich_1Hz.eps>
(epstopdf)                    date: 2021-09-27 21:15:36
(epstopdf)                    size: 376491 bytes
(epstopdf)             Output file: <Abbildungen/Vergleich_1Hz-eps-converted-to
.pdf>
(epstopdf)                    date: 2021-09-27 22:58:09
(epstopdf)                    size: 116816 bytes
(epstopdf)             Command: <repstopdf --outfile=Abbildungen/Vergleich_1Hz-
eps-converted-to.pdf Abbildungen/Vergleich_1Hz.eps>
(epstopdf)             \includegraphics on input line 524.
Package epstopdf Info: Output file is already uptodate.
<Abbildungen/Vergleich_1Hz-eps-converted-to.pdf, id=864, 1156.32pt x 564.1075pt
>
File: Abbildungen/Vergleich_1Hz-eps-converted-to.pdf Graphic file (type pdf)
<use Abbildungen/Vergleich_1Hz-eps-converted-to.pdf>
Package pdftex.def Info: Abbildungen/Vergleich_1Hz-eps-converted-to.pdf  used o
n input line 524.
(pdftex.def)             Requested size: 346.89868pt x 169.23355pt.

Overfull \hbox (39.60881pt too wide) in paragraph at lines 524--524
 [] 
 []


Overfull \vbox (14.03441pt too high) detected at line 524
 []


Overfull \vbox (1.70763pt too high) has occurred while \output is active []


[23

 <./Abbildungen/Vergleich_1Hz-eps-converted-to.pdf>]
Package epstopdf Info: Source file: <Abbildungen/Vergleich_1Hz_20s.eps>
(epstopdf)                    date: 2021-09-27 21:31:54
(epstopdf)                    size: 378750 bytes
(epstopdf)             Output file: <Abbildungen/Vergleich_1Hz_20s-eps-converte
d-to.pdf>
(epstopdf)                    date: 2021-09-27 23:00:03
(epstopdf)                    size: 126911 bytes
(epstopdf)             Command: <repstopdf --outfile=Abbildungen/Vergleich_1Hz_
20s-eps-converted-to.pdf Abbildungen/Vergleich_1Hz_20s.eps>
(epstopdf)             \includegraphics on input line 535.
Package epstopdf Info: Output file is already uptodate.
<Abbildungen/Vergleich_1Hz_20s-eps-converted-to.pdf, id=901, 1156.32pt x 564.10
75pt>
File: Abbildungen/Vergleich_1Hz_20s-eps-converted-to.pdf Graphic file (type pdf
)
<use Abbildungen/Vergleich_1Hz_20s-eps-converted-to.pdf>
Package pdftex.def Info: Abbildungen/Vergleich_1Hz_20s-eps-converted-to.pdf  us
ed on input line 535.
(pdftex.def)             Requested size: 346.89868pt x 169.23355pt.

Overfull \hbox (39.60881pt too wide) in paragraph at lines 535--535
 [] 
 []


Overfull \vbox (14.03441pt too high) detected at line 535
 []


Overfull \vbox (1.70763pt too high) has occurred while \output is active []


[24

 <./Abbildungen/Vergleich_1Hz_20s-eps-converted-to.pdf>]
Package epstopdf Info: Source file: <Abbildungen/Vergleich_2Hz.eps>
(epstopdf)                    date: 2021-09-27 21:37:24
(epstopdf)                    size: 386489 bytes
(epstopdf)             Output file: <Abbildungen/Vergleich_2Hz-eps-converted-to
.pdf>
(epstopdf)                    date: 2021-09-27 23:01:38
(epstopdf)                    size: 116032 bytes
(epstopdf)             Command: <repstopdf --outfile=Abbildungen/Vergleich_2Hz-
eps-converted-to.pdf Abbildungen/Vergleich_2Hz.eps>
(epstopdf)             \includegraphics on input line 546.
Package epstopdf Info: Output file is already uptodate.
<Abbildungen/Vergleich_2Hz-eps-converted-to.pdf, id=939, 1156.32pt x 564.1075pt
>
File: Abbildungen/Vergleich_2Hz-eps-converted-to.pdf Graphic file (type pdf)
<use Abbildungen/Vergleich_2Hz-eps-converted-to.pdf>
Package pdftex.def Info: Abbildungen/Vergleich_2Hz-eps-converted-to.pdf  used o
n input line 546.
(pdftex.def)             Requested size: 346.89868pt x 169.23355pt.

Overfull \hbox (39.60881pt too wide) in paragraph at lines 546--546
 [] 
 []


Overfull \vbox (14.03441pt too high) detected at line 546
 []


Overfull \vbox (1.70763pt too high) has occurred while \output is active []


[25

 <./Abbildungen/Vergleich_2Hz-eps-converted-to.pdf>]
Package epstopdf Info: Source file: <Abbildungen/Vergleich_2Hz_20s.eps>
(epstopdf)                    date: 2021-09-27 21:41:12
(epstopdf)                    size: 381457 bytes
(epstopdf)             Output file: <Abbildungen/Vergleich_2Hz_20s-eps-converte
d-to.pdf>
(epstopdf)                    date: 2021-09-27 23:01:40
(epstopdf)                    size: 117751 bytes
(epstopdf)             Command: <repstopdf --outfile=Abbildungen/Vergleich_2Hz_
20s-eps-converted-to.pdf Abbildungen/Vergleich_2Hz_20s.eps>
(epstopdf)             \includegraphics on input line 557.
Package epstopdf Info: Output file is already uptodate.
<Abbildungen/Vergleich_2Hz_20s-eps-converted-to.pdf, id=977, 1156.32pt x 564.10
75pt>
File: Abbildungen/Vergleich_2Hz_20s-eps-converted-to.pdf Graphic file (type pdf
)
<use Abbildungen/Vergleich_2Hz_20s-eps-converted-to.pdf>
Package pdftex.def Info: Abbildungen/Vergleich_2Hz_20s-eps-converted-to.pdf  us
ed on input line 557.
(pdftex.def)             Requested size: 346.89868pt x 169.23355pt.

Overfull \hbox (39.60881pt too wide) in paragraph at lines 557--557
 [] 
 []


Overfull \vbox (14.03441pt too high) detected at line 557
 []


Overfull \vbox (1.70763pt too high) has occurred while \output is active []


[26

 <./Abbildungen/Vergleich_2Hz_20s-eps-converted-to.pdf>]
Package epstopdf Info: Source file: <Abbildungen/Vergleich_5Hz.eps>
(epstopdf)                    date: 2021-09-27 22:29:02
(epstopdf)                    size: 417893 bytes
(epstopdf)             Output file: <Abbildungen/Vergleich_5Hz-eps-converted-to
.pdf>
(epstopdf)                    date: 2021-09-27 23:04:02
(epstopdf)                    size: 130363 bytes
(epstopdf)             Command: <repstopdf --outfile=Abbildungen/Vergleich_5Hz-
eps-converted-to.pdf Abbildungen/Vergleich_5Hz.eps>
(epstopdf)             \includegraphics on input line 568.
Package epstopdf Info: Output file is already uptodate.
<Abbildungen/Vergleich_5Hz-eps-converted-to.pdf, id=1014, 1156.32pt x 564.1075p
t>
File: Abbildungen/Vergleich_5Hz-eps-converted-to.pdf Graphic file (type pdf)
<use Abbildungen/Vergleich_5Hz-eps-converted-to.pdf>
Package pdftex.def Info: Abbildungen/Vergleich_5Hz-eps-converted-to.pdf  used o
n input line 568.
(pdftex.def)             Requested size: 346.89868pt x 169.23355pt.

Overfull \hbox (39.60881pt too wide) in paragraph at lines 568--568
 [] 
 []


Overfull \vbox (14.03441pt too high) detected at line 568
 []


Overfull \vbox (1.70763pt too high) has occurred while \output is active []


[27

 <./Abbildungen/Vergleich_5Hz-eps-converted-to.pdf>]
Package epstopdf Info: Source file: <Abbildungen/Vergleich_5Hz_20s.eps>
(epstopdf)                    date: 2021-09-27 22:28:22
(epstopdf)                    size: 384940 bytes
(epstopdf)             Output file: <Abbildungen/Vergleich_5Hz_20s-eps-converte
d-to.pdf>
(epstopdf)                    date: 2021-09-27 23:04:05
(epstopdf)                    size: 122428 bytes
(epstopdf)             Command: <repstopdf --outfile=Abbildungen/Vergleich_5Hz_
20s-eps-converted-to.pdf Abbildungen/Vergleich_5Hz_20s.eps>
(epstopdf)             \includegraphics on input line 579.
Package epstopdf Info: Output file is already uptodate.
<Abbildungen/Vergleich_5Hz_20s-eps-converted-to.pdf, id=1052, 1156.32pt x 564.1
075pt>
File: Abbildungen/Vergleich_5Hz_20s-eps-converted-to.pdf Graphic file (type pdf
)
<use Abbildungen/Vergleich_5Hz_20s-eps-converted-to.pdf>
Package pdftex.def Info: Abbildungen/Vergleich_5Hz_20s-eps-converted-to.pdf  us
ed on input line 579.
(pdftex.def)             Requested size: 346.89868pt x 169.23355pt.

Overfull \hbox (39.60881pt too wide) in paragraph at lines 579--579
 [] 
 []


Overfull \vbox (14.03441pt too high) detected at line 579
 []


Overfull \vbox (1.70763pt too high) has occurred while \output is active []


[28

 <./Abbildungen/Vergleich_5Hz_20s-eps-converted-to.pdf>]
Package epstopdf Info: Source file: <Abbildungen/RLS_01.eps>
(epstopdf)                    date: 2021-09-26 21:16:09
(epstopdf)                    size: 208841 bytes
(epstopdf)             Output file: <Abbildungen/RLS_01-eps-converted-to.pdf>
(epstopdf)                    date: 2021-09-26 21:16:09
(epstopdf)                    size: 55694 bytes
(epstopdf)             Command: <repstopdf --outfile=Abbildungen/RLS_01-eps-con
verted-to.pdf Abbildungen/RLS_01.eps>
(epstopdf)             \includegraphics on input line 590.
Package epstopdf Info: Output file is already uptodate.


pdfTeX warning: pdflatex.exe (file ./Abbildungen/RLS_01-eps-converted-to.pdf): 
PDF inclusion: found PDF version <1.7>, but at most version <1.5> allowed
<Abbildungen/RLS_01-eps-converted-to.pdf, id=1089, 1156.32pt x 564.1075pt>
File: Abbildungen/RLS_01-eps-converted-to.pdf Graphic file (type pdf)
<use Abbildungen/RLS_01-eps-converted-to.pdf>
Package pdftex.def Info: Abbildungen/RLS_01-eps-converted-to.pdf  used on input
 line 590.
(pdftex.def)             Requested size: 346.89868pt x 169.23355pt.

Overfull \hbox (39.60881pt too wide) in paragraph at lines 590--590
 [] 
 []


Overfull \vbox (1.70763pt too high) has occurred while \output is active []


[29

 <./Abbildungen/RLS_01-eps-converted-to.pdf>]
Package epstopdf Info: Source file: <Abbildungen/RLS_1.eps>
(epstopdf)                    date: 2021-09-26 21:16:09
(epstopdf)                    size: 212993 bytes
(epstopdf)             Output file: <Abbildungen/RLS_1-eps-converted-to.pdf>
(epstopdf)                    date: 2021-09-26 21:16:09
(epstopdf)                    size: 62122 bytes
(epstopdf)             Command: <repstopdf --outfile=Abbildungen/RLS_1-eps-conv
erted-to.pdf Abbildungen/RLS_1.eps>
(epstopdf)             \includegraphics on input line 602.
Package epstopdf Info: Output file is already uptodate.


pdfTeX warning: pdflatex.exe (file ./Abbildungen/RLS_1-eps-converted-to.pdf): P
DF inclusion: found PDF version <1.7>, but at most version <1.5> allowed
<Abbildungen/RLS_1-eps-converted-to.pdf, id=1127, 1156.32pt x 564.1075pt>
File: Abbildungen/RLS_1-eps-converted-to.pdf Graphic file (type pdf)
<use Abbildungen/RLS_1-eps-converted-to.pdf>
Package pdftex.def Info: Abbildungen/RLS_1-eps-converted-to.pdf  used on input 
line 602.
(pdftex.def)             Requested size: 346.89868pt x 169.23355pt.

Overfull \hbox (39.60881pt too wide) in paragraph at lines 602--602
 [] 
 []


Overfull \vbox (1.70763pt too high) has occurred while \output is active []


[30

 <./Abbildungen/RLS_1-eps-converted-to.pdf>]
Package epstopdf Info: Source file: <Abbildungen/RLS_2.eps>
(epstopdf)                    date: 2021-09-26 21:16:09
(epstopdf)                    size: 220695 bytes
(epstopdf)             Output file: <Abbildungen/RLS_2-eps-converted-to.pdf>
(epstopdf)                    date: 2021-09-26 21:16:09
(epstopdf)                    size: 62536 bytes
(epstopdf)             Command: <repstopdf --outfile=Abbildungen/RLS_2-eps-conv
erted-to.pdf Abbildungen/RLS_2.eps>
(epstopdf)             \includegraphics on input line 613.
Package epstopdf Info: Output file is already uptodate.


pdfTeX warning: pdflatex.exe (file ./Abbildungen/RLS_2-eps-converted-to.pdf): P
DF inclusion: found PDF version <1.7>, but at most version <1.5> allowed
<Abbildungen/RLS_2-eps-converted-to.pdf, id=1166, 1156.32pt x 564.1075pt>
File: Abbildungen/RLS_2-eps-converted-to.pdf Graphic file (type pdf)
<use Abbildungen/RLS_2-eps-converted-to.pdf>
Package pdftex.def Info: Abbildungen/RLS_2-eps-converted-to.pdf  used on input 
line 613.
(pdftex.def)             Requested size: 346.89868pt x 169.23355pt.

Overfull \hbox (39.60881pt too wide) in paragraph at lines 613--613
 [] 
 []


Overfull \vbox (1.70763pt too high) has occurred while \output is active []


[31

 <./Abbildungen/RLS_2-eps-converted-to.pdf>]
Package epstopdf Info: Source file: <Abbildungen/LB_01.eps>
(epstopdf)                    date: 2021-09-26 21:16:08
(epstopdf)                    size: 190761 bytes
(epstopdf)             Output file: <Abbildungen/LB_01-eps-converted-to.pdf>
(epstopdf)                    date: 2021-09-26 21:16:08
(epstopdf)                    size: 54514 bytes
(epstopdf)             Command: <repstopdf --outfile=Abbildungen/LB_01-eps-conv
erted-to.pdf Abbildungen/LB_01.eps>
(epstopdf)             \includegraphics on input line 626.
Package epstopdf Info: Output file is already uptodate.


pdfTeX warning: pdflatex.exe (file ./Abbildungen/LB_01-eps-converted-to.pdf): P
DF inclusion: found PDF version <1.7>, but at most version <1.5> allowed
<Abbildungen/LB_01-eps-converted-to.pdf, id=1205, 1156.32pt x 564.1075pt>
File: Abbildungen/LB_01-eps-converted-to.pdf Graphic file (type pdf)
<use Abbildungen/LB_01-eps-converted-to.pdf>
Package pdftex.def Info: Abbildungen/LB_01-eps-converted-to.pdf  used on input 
line 626.
(pdftex.def)             Requested size: 346.89868pt x 169.23355pt.

Overfull \hbox (39.60881pt too wide) in paragraph at lines 626--626
 [] 
 []


Overfull \vbox (1.70763pt too high) has occurred while \output is active []


[32

 <./Abbildungen/LB_01-eps-converted-to.pdf>]
Package epstopdf Info: Source file: <Abbildungen/LB_1.eps>
(epstopdf)                    date: 2021-09-26 21:16:08
(epstopdf)                    size: 194956 bytes
(epstopdf)             Output file: <Abbildungen/LB_1-eps-converted-to.pdf>
(epstopdf)                    date: 2021-09-26 21:16:08
(epstopdf)                    size: 55842 bytes
(epstopdf)             Command: <repstopdf --outfile=Abbildungen/LB_1-eps-conve
rted-to.pdf Abbildungen/LB_1.eps>
(epstopdf)             \includegraphics on input line 637.
Package epstopdf Info: Output file is already uptodate.


pdfTeX warning: pdflatex.exe (file ./Abbildungen/LB_1-eps-converted-to.pdf): PD
F inclusion: found PDF version <1.7>, but at most version <1.5> allowed
<Abbildungen/LB_1-eps-converted-to.pdf, id=1243, 1156.32pt x 564.1075pt>
File: Abbildungen/LB_1-eps-converted-to.pdf Graphic file (type pdf)
<use Abbildungen/LB_1-eps-converted-to.pdf>
Package pdftex.def Info: Abbildungen/LB_1-eps-converted-to.pdf  used on input l
ine 637.
(pdftex.def)             Requested size: 346.89868pt x 169.23355pt.

Overfull \hbox (39.60881pt too wide) in paragraph at lines 637--637
 [] 
 []


Overfull \vbox (1.70763pt too high) has occurred while \output is active []


[33

 <./Abbildungen/LB_1-eps-converted-to.pdf>]
Package epstopdf Info: Source file: <Abbildungen/LB_2.eps>
(epstopdf)                    date: 2021-09-26 21:16:08
(epstopdf)                    size: 199907 bytes
(epstopdf)             Output file: <Abbildungen/LB_2-eps-converted-to.pdf>
(epstopdf)                    date: 2021-09-26 21:16:08
(epstopdf)                    size: 54730 bytes
(epstopdf)             Command: <repstopdf --outfile=Abbildungen/LB_2-eps-conve
rted-to.pdf Abbildungen/LB_2.eps>
(epstopdf)             \includegraphics on input line 648.
Package epstopdf Info: Output file is already uptodate.


pdfTeX warning: pdflatex.exe (file ./Abbildungen/LB_2-eps-converted-to.pdf): PD
F inclusion: found PDF version <1.7>, but at most version <1.5> allowed
<Abbildungen/LB_2-eps-converted-to.pdf, id=1281, 1156.32pt x 564.1075pt>
File: Abbildungen/LB_2-eps-converted-to.pdf Graphic file (type pdf)
<use Abbildungen/LB_2-eps-converted-to.pdf>
Package pdftex.def Info: Abbildungen/LB_2-eps-converted-to.pdf  used on input l
ine 648.
(pdftex.def)             Requested size: 346.89868pt x 169.23355pt.

Overfull \hbox (39.60881pt too wide) in paragraph at lines 648--648
 [] 
 []


Overfull \vbox (1.70763pt too high) has occurred while \output is active []


[34

 <./Abbildungen/LB_2-eps-converted-to.pdf>]
<Abbildungen/Teststand.JPG, id=1318, 692.5875pt x 349.305pt>
File: Abbildungen/Teststand.JPG Graphic file (type jpg)
<use Abbildungen/Teststand.JPG>
Package pdftex.def Info: Abbildungen/Teststand.JPG  used on input line 675.
(pdftex.def)             Requested size: 142.26378pt x 71.74657pt.

Overfull \hbox (3.98428pt too wide) in paragraph at lines 675--675
 [][] 
 []

<Abbildungen/Teststand2.JPG, id=1319, 379.1766pt x 284.262pt>
File: Abbildungen/Teststand2.JPG Graphic file (type jpg)
<use Abbildungen/Teststand2.JPG>
Package pdftex.def Info: Abbildungen/Teststand2.JPG  used on input line 675.
(pdftex.def)             Requested size: 142.26378pt x 106.65002pt.

Overfull \vbox (1.70763pt too high) has occurred while \output is active []


[35

 <./Abbildungen/Teststand.JPG> <./Abbildungen/Teststand2.JPG>]
Overfull \vbox (1.70763pt too high) has occurred while \output is active []


[36

]
\tf@nav=\write6
\openout6 = `Masterarbeit_AnPPT.nav'.

\tf@toc=\write7
\openout7 = `Masterarbeit_AnPPT.toc'.

\tf@snm=\write8
\openout8 = `Masterarbeit_AnPPT.snm'.

 (./Masterarbeit_AnPPT.aux)
Package rerunfilecheck Info: File `Masterarbeit_AnPPT.out' has not changed.
(rerunfilecheck)             Checksum: 3A159EA69A45048442BB1F332580B3C9;664.
 ) 
Here is how much of TeX's memory you used:
 24655 strings out of 478994
 449890 string characters out of 5862207
 785505 words of memory out of 5000000
 41484 multiletter control sequences out of 15000+600000
 416650 words of font info for 77 fonts, out of 8000000 for 9000
 1141 hyphenation exceptions out of 8191
 112i,19n,116p,422b,691s stack positions out of 5000i,500n,10000p,200000b,80000s
<c:/texlive/2021/texmf-dist/fonts/type1/public/amsfonts/cm/cmbx10.pfb><c:/tex
live/2021/texmf-dist/fonts/type1/public/amsfonts/cm/cmbx6.pfb><c:/texlive/2021/
texmf-dist/fonts/type1/public/amsfonts/cm/cmbx7.pfb><c:/texlive/2021/texmf-dist
/fonts/type1/public/amsfonts/cm/cmcsc10.pfb><c:/texlive/2021/texmf-dist/fonts/t
ype1/public/amsfonts/cm/cmex10.pfb><c:/texlive/2021/texmf-dist/fonts/type1/publ
ic/amsfonts/cmextra/cmex7.pfb><c:/texlive/2021/texmf-dist/fonts/type1/public/am
sfonts/cm/cmmi10.pfb><c:/texlive/2021/texmf-dist/fonts/type1/public/amsfonts/cm
/cmmi12.pfb><c:/texlive/2021/texmf-dist/fonts/type1/public/amsfonts/cm/cmmi5.pf
b><c:/texlive/2021/texmf-dist/fonts/type1/public/amsfonts/cm/cmmi6.pfb><c:/texl
ive/2021/texmf-dist/fonts/type1/public/amsfonts/cm/cmmi7.pfb><c:/texlive/2021/t
exmf-dist/fonts/type1/public/amsfonts/cm/cmmi8.pfb><c:/texlive/2021/texmf-dist/
fonts/type1/public/amsfonts/cm/cmr10.pfb><c:/texlive/2021/texmf-dist/fonts/type
1/public/amsfonts/cm/cmr12.pfb><c:/texlive/2021/texmf-dist/fonts/type1/public/a
msfonts/cm/cmr5.pfb><c:/texlive/2021/texmf-dist/fonts/type1/public/amsfonts/cm/
cmr6.pfb><c:/texlive/2021/texmf-dist/fonts/type1/public/amsfonts/cm/cmr7.pfb><c
:/texlive/2021/texmf-dist/fonts/type1/public/amsfonts/cm/cmr8.pfb><c:/texlive/2
021/texmf-dist/fonts/type1/public/amsfonts/cm/cmsy10.pfb><c:/texlive/2021/texmf
-dist/fonts/type1/public/amsfonts/cm/cmsy6.pfb><c:/texlive/2021/texmf-dist/font
s/type1/public/amsfonts/cm/cmsy7.pfb><c:/texlive/2021/texmf-dist/fonts/type1/pu
blic/amsfonts/symbols/msam5.pfb><c:/texlive/2021/texmf-dist/fonts/type1/public/
amsfonts/symbols/msam7.pfb>
Output written on Masterarbeit_AnPPT.pdf (36 pages, 3131428 bytes).
PDF statistics:
 1476 PDF objects out of 1728 (max. 8388607)
 1319 compressed objects within 14 object streams
 79 named destinations out of 1000 (max. 500000)
 323 words of extra memory for PDF output out of 10000 (max. 10000000)

